<?xml version="1.0" encoding="UTF-8"?>
<!-- Generated by org.testng.reporters.JUnitXMLReporter -->
<testsuite ignored="0" hostname="DESKTOP-BTR5V2G" failures="0" tests="4" name="Default test" time="64.511" errors="0" timestamp="2022-11-21T14:10:58 IST">
  <testcase classname="DataProvider.DataProvider2" name="LoginTest" time="20.43"/>
  <testcase classname="DataProvider.DataProvider2" name="LoginTest" time="11.913"/>
  <testcase classname="DataProvider.DataProvider2" name="LoginTest" time="12.859"/>
  <testcase classname="DataProvider.DataProvider2" name="LoginTest" time="12.708"/>
</testsuite> <!-- Default test -->
